<?xml version="1.0" encoding="UTF-8"?>
<!-- Generated by org.testng.reporters.JUnitXMLReporter -->
<testsuite hostname="C02XD9EXJG5J.local" ignored="0" name="Default test" tests="3" failures="0" timestamp="03 Jul 2021 12:39:19 GMT" time="6.767" errors="0">
  <testcase name="signUpAPI" time="3.924" classname="assignment3.restassured.git.tests.APITests"/>
  <testcase name="profileAPI" time="1.346" classname="assignment3.restassured.git.tests.APITests"/>
  <testcase name="logOutAPI" time="1.471" classname="assignment3.restassured.git.tests.APITests"/>
</testsuite> <!-- Default test -->
