<?xml version="1.0" encoding="UTF-8"?>
<testng-results ignored="0" total="2" passed="2" failed="0" skipped="0">
  <reporter-output>
  </reporter-output>
  <suite started-at="2021-06-26T19:12:33Z" name="Web Test Suite" finished-at="2021-06-26T19:12:38Z" duration-ms="5070">
    <groups>
    </groups>
    <test started-at="2021-06-26T19:12:33Z" name="Web Tests" finished-at="2021-06-26T19:12:38Z" duration-ms="5070">
      <class name="assignment3.restassured.git.tests.APITests">
        <test-method signature="signUpAPI()[pri:1, instance:assignment3.restassured.git.tests.APITests@309028af]" started-at="2021-06-26T19:12:33Z" name="signUpAPI" finished-at="2021-06-26T19:12:36Z" duration-ms="3547" status="PASS">
          <reporter-output>
          </reporter-output>
        </test-method> <!-- signUpAPI -->
        <test-method signature="profileAPI()[pri:2, instance:assignment3.restassured.git.tests.APITests@309028af]" started-at="2021-06-26T19:12:36Z" name="profileAPI" finished-at="2021-06-26T19:12:38Z" duration-ms="1498" status="PASS">
          <reporter-output>
          </reporter-output>
        </test-method> <!-- profileAPI -->
      </class> <!-- assignment3.restassured.git.tests.APITests -->
    </test> <!-- Web Tests -->
  </suite> <!-- Web Test Suite -->
</testng-results>
